[2022-02-08 16:35:10,841: INFO: or]    x1  x2  y
0   0   0  0
1   0   1  1
2   1   0  1
3   1   1  1
[2022-02-08 16:35:10,853: INFO: model] initial weights before training: 
[ 5.72043391e-05 -1.03318018e-04  2.31587692e-05]
[2022-02-08 16:35:10,853: INFO: model] X with bias: 
[[ 0.  0. -1.]
 [ 0.  1. -1.]
 [ 1.  0. -1.]
 [ 1.  1. -1.]]
[2022-02-08 16:35:10,853: INFO: model] --------------------
[2022-02-08 16:35:10,853: INFO: model] for epoch: 0
[2022-02-08 16:35:10,853: INFO: model] --------------------
[2022-02-08 16:35:10,854: INFO: model] predicted value after forward pass: 
[0 0 1 0]
[2022-02-08 16:35:10,854: INFO: model] error: 
0    0
1    1
2    0
3    1
Name: y, dtype: int64
[2022-02-08 16:35:10,855: INFO: model] updated weights after epoch:
0/10 : 
[ 0.3000572   0.59989668 -0.59997684]
[2022-02-08 16:35:10,855: INFO: model] ##################################################
[2022-02-08 16:35:10,855: INFO: model] --------------------
[2022-02-08 16:35:10,855: INFO: model] for epoch: 1
[2022-02-08 16:35:10,855: INFO: model] --------------------
[2022-02-08 16:35:10,855: INFO: model] predicted value after forward pass: 
[1 1 1 1]
[2022-02-08 16:35:10,855: INFO: model] error: 
0   -1
1    0
2    0
3    0
Name: y, dtype: int64
[2022-02-08 16:35:10,855: INFO: model] updated weights after epoch:
1/10 : 
[ 0.3000572   0.59989668 -0.29997684]
[2022-02-08 16:35:10,855: INFO: model] ##################################################
[2022-02-08 16:35:10,855: INFO: model] --------------------
[2022-02-08 16:35:10,855: INFO: model] for epoch: 2
[2022-02-08 16:35:10,855: INFO: model] --------------------
[2022-02-08 16:35:10,855: INFO: model] predicted value after forward pass: 
[1 1 1 1]
[2022-02-08 16:35:10,855: INFO: model] error: 
0   -1
1    0
2    0
3    0
Name: y, dtype: int64
[2022-02-08 16:35:10,856: INFO: model] updated weights after epoch:
2/10 : 
[3.00057204e-01 5.99896682e-01 2.31587692e-05]
[2022-02-08 16:35:10,856: INFO: model] ##################################################
[2022-02-08 16:35:10,856: INFO: model] --------------------
[2022-02-08 16:35:10,856: INFO: model] for epoch: 3
[2022-02-08 16:35:10,856: INFO: model] --------------------
[2022-02-08 16:35:10,856: INFO: model] predicted value after forward pass: 
[0 1 1 1]
[2022-02-08 16:35:10,856: INFO: model] error: 
0    0
1    0
2    0
3    0
Name: y, dtype: int64
[2022-02-08 16:35:10,856: INFO: model] updated weights after epoch:
3/10 : 
[3.00057204e-01 5.99896682e-01 2.31587692e-05]
[2022-02-08 16:35:10,856: INFO: model] ##################################################
[2022-02-08 16:35:10,857: INFO: model] --------------------
[2022-02-08 16:35:10,857: INFO: model] for epoch: 4
[2022-02-08 16:35:10,857: INFO: model] --------------------
[2022-02-08 16:35:10,857: INFO: model] predicted value after forward pass: 
[0 1 1 1]
[2022-02-08 16:35:10,857: INFO: model] error: 
0    0
1    0
2    0
3    0
Name: y, dtype: int64
[2022-02-08 16:35:10,857: INFO: model] updated weights after epoch:
4/10 : 
[3.00057204e-01 5.99896682e-01 2.31587692e-05]
[2022-02-08 16:35:10,857: INFO: model] ##################################################
[2022-02-08 16:35:10,857: INFO: model] --------------------
[2022-02-08 16:35:10,857: INFO: model] for epoch: 5
[2022-02-08 16:35:10,857: INFO: model] --------------------
[2022-02-08 16:35:10,857: INFO: model] predicted value after forward pass: 
[0 1 1 1]
[2022-02-08 16:35:10,858: INFO: model] error: 
0    0
1    0
2    0
3    0
Name: y, dtype: int64
[2022-02-08 16:35:10,858: INFO: model] updated weights after epoch:
5/10 : 
[3.00057204e-01 5.99896682e-01 2.31587692e-05]
[2022-02-08 16:35:10,858: INFO: model] ##################################################
[2022-02-08 16:35:10,858: INFO: model] --------------------
[2022-02-08 16:35:10,858: INFO: model] for epoch: 6
[2022-02-08 16:35:10,858: INFO: model] --------------------
[2022-02-08 16:35:10,858: INFO: model] predicted value after forward pass: 
[0 1 1 1]
[2022-02-08 16:35:10,858: INFO: model] error: 
0    0
1    0
2    0
3    0
Name: y, dtype: int64
[2022-02-08 16:35:10,859: INFO: model] updated weights after epoch:
6/10 : 
[3.00057204e-01 5.99896682e-01 2.31587692e-05]
[2022-02-08 16:35:10,859: INFO: model] ##################################################
[2022-02-08 16:35:10,859: INFO: model] --------------------
[2022-02-08 16:35:10,859: INFO: model] for epoch: 7
[2022-02-08 16:35:10,859: INFO: model] --------------------
[2022-02-08 16:35:10,859: INFO: model] predicted value after forward pass: 
[0 1 1 1]
[2022-02-08 16:35:10,859: INFO: model] error: 
0    0
1    0
2    0
3    0
Name: y, dtype: int64
[2022-02-08 16:35:10,859: INFO: model] updated weights after epoch:
7/10 : 
[3.00057204e-01 5.99896682e-01 2.31587692e-05]
[2022-02-08 16:35:10,859: INFO: model] ##################################################
[2022-02-08 16:35:10,860: INFO: model] --------------------
[2022-02-08 16:35:10,860: INFO: model] for epoch: 8
[2022-02-08 16:35:10,860: INFO: model] --------------------
[2022-02-08 16:35:10,860: INFO: model] predicted value after forward pass: 
[0 1 1 1]
[2022-02-08 16:35:10,860: INFO: model] error: 
0    0
1    0
2    0
3    0
Name: y, dtype: int64
[2022-02-08 16:35:10,860: INFO: model] updated weights after epoch:
8/10 : 
[3.00057204e-01 5.99896682e-01 2.31587692e-05]
[2022-02-08 16:35:10,860: INFO: model] ##################################################
[2022-02-08 16:35:10,860: INFO: model] --------------------
[2022-02-08 16:35:10,860: INFO: model] for epoch: 9
[2022-02-08 16:35:10,860: INFO: model] --------------------
[2022-02-08 16:35:10,860: INFO: model] predicted value after forward pass: 
[0 1 1 1]
[2022-02-08 16:35:10,861: INFO: model] error: 
0    0
1    0
2    0
3    0
Name: y, dtype: int64
[2022-02-08 16:35:10,861: INFO: model] updated weights after epoch:
9/10 : 
[3.00057204e-01 5.99896682e-01 2.31587692e-05]
[2022-02-08 16:35:10,861: INFO: model] ##################################################
[2022-02-08 16:35:10,861: INFO: model] total loss: 0
[2022-02-08 16:35:56,259: INFO: or]    x1  x2  y
0   0   0  0
1   0   1  1
2   1   0  1
3   1   1  1
[2022-02-08 16:35:56,264: INFO: model] initial weights before training: 
[-6.14815096e-06  1.86489334e-04 -2.16964372e-05]
[2022-02-08 16:35:56,265: INFO: model] X with bias: 
[[ 0.  0. -1.]
 [ 0.  1. -1.]
 [ 1.  0. -1.]
 [ 1.  1. -1.]]
[2022-02-08 16:35:56,265: INFO: model] --------------------
[2022-02-08 16:35:56,265: INFO: model] for epoch: 0
[2022-02-08 16:35:56,265: INFO: model] --------------------
[2022-02-08 16:35:56,265: INFO: model] predicted value after forward pass: 
[1 1 1 1]
[2022-02-08 16:35:56,266: INFO: model] error: 
0   -1
1    0
2    0
3    0
Name: y, dtype: int64
[2022-02-08 16:35:56,266: INFO: model] updated weights after epoch:
0/10 : 
[-6.14815096e-06  1.86489334e-04  2.99978304e-01]
[2022-02-08 16:35:56,266: INFO: model] ##################################################
[2022-02-08 16:35:56,266: INFO: model] --------------------
[2022-02-08 16:35:56,266: INFO: model] for epoch: 1
[2022-02-08 16:35:56,266: INFO: model] --------------------
[2022-02-08 16:35:56,266: INFO: model] predicted value after forward pass: 
[0 0 0 0]
[2022-02-08 16:35:56,266: INFO: model] error: 
0    0
1    1
2    1
3    1
Name: y, dtype: int64
[2022-02-08 16:35:56,266: INFO: model] updated weights after epoch:
1/10 : 
[ 0.59999385  0.60018649 -0.6000217 ]
[2022-02-08 16:35:56,266: INFO: model] ##################################################
[2022-02-08 16:35:56,266: INFO: model] --------------------
[2022-02-08 16:35:56,266: INFO: model] for epoch: 2
[2022-02-08 16:35:56,266: INFO: model] --------------------
[2022-02-08 16:35:56,266: INFO: model] predicted value after forward pass: 
[1 1 1 1]
[2022-02-08 16:35:56,267: INFO: model] error: 
0   -1
1    0
2    0
3    0
Name: y, dtype: int64
[2022-02-08 16:35:56,267: INFO: model] updated weights after epoch:
2/10 : 
[ 0.59999385  0.60018649 -0.3000217 ]
[2022-02-08 16:35:56,267: INFO: model] ##################################################
[2022-02-08 16:35:56,267: INFO: model] --------------------
[2022-02-08 16:35:56,267: INFO: model] for epoch: 3
[2022-02-08 16:35:56,267: INFO: model] --------------------
[2022-02-08 16:35:56,267: INFO: model] predicted value after forward pass: 
[1 1 1 1]
[2022-02-08 16:35:56,268: INFO: model] error: 
0   -1
1    0
2    0
3    0
Name: y, dtype: int64
[2022-02-08 16:35:56,268: INFO: model] updated weights after epoch:
3/10 : 
[ 5.99993852e-01  6.00186489e-01 -2.16964372e-05]
[2022-02-08 16:35:56,268: INFO: model] ##################################################
[2022-02-08 16:35:56,268: INFO: model] --------------------
[2022-02-08 16:35:56,268: INFO: model] for epoch: 4
[2022-02-08 16:35:56,268: INFO: model] --------------------
[2022-02-08 16:35:56,268: INFO: model] predicted value after forward pass: 
[1 1 1 1]
[2022-02-08 16:35:56,269: INFO: model] error: 
0   -1
1    0
2    0
3    0
Name: y, dtype: int64
[2022-02-08 16:35:56,269: INFO: model] updated weights after epoch:
4/10 : 
[0.59999385 0.60018649 0.2999783 ]
[2022-02-08 16:35:56,269: INFO: model] ##################################################
[2022-02-08 16:35:56,269: INFO: model] --------------------
[2022-02-08 16:35:56,269: INFO: model] for epoch: 5
[2022-02-08 16:35:56,269: INFO: model] --------------------
[2022-02-08 16:35:56,269: INFO: model] predicted value after forward pass: 
[0 1 1 1]
[2022-02-08 16:35:56,270: INFO: model] error: 
0    0
1    0
2    0
3    0
Name: y, dtype: int64
[2022-02-08 16:35:56,270: INFO: model] updated weights after epoch:
5/10 : 
[0.59999385 0.60018649 0.2999783 ]
[2022-02-08 16:35:56,270: INFO: model] ##################################################
[2022-02-08 16:35:56,270: INFO: model] --------------------
[2022-02-08 16:35:56,270: INFO: model] for epoch: 6
[2022-02-08 16:35:56,270: INFO: model] --------------------
[2022-02-08 16:35:56,270: INFO: model] predicted value after forward pass: 
[0 1 1 1]
[2022-02-08 16:35:56,271: INFO: model] error: 
0    0
1    0
2    0
3    0
Name: y, dtype: int64
[2022-02-08 16:35:56,271: INFO: model] updated weights after epoch:
6/10 : 
[0.59999385 0.60018649 0.2999783 ]
[2022-02-08 16:35:56,271: INFO: model] ##################################################
[2022-02-08 16:35:56,271: INFO: model] --------------------
[2022-02-08 16:35:56,271: INFO: model] for epoch: 7
[2022-02-08 16:35:56,271: INFO: model] --------------------
[2022-02-08 16:35:56,271: INFO: model] predicted value after forward pass: 
[0 1 1 1]
[2022-02-08 16:35:56,272: INFO: model] error: 
0    0
1    0
2    0
3    0
Name: y, dtype: int64
[2022-02-08 16:35:56,272: INFO: model] updated weights after epoch:
7/10 : 
[0.59999385 0.60018649 0.2999783 ]
[2022-02-08 16:35:56,272: INFO: model] ##################################################
[2022-02-08 16:35:56,272: INFO: model] --------------------
[2022-02-08 16:35:56,272: INFO: model] for epoch: 8
[2022-02-08 16:35:56,272: INFO: model] --------------------
[2022-02-08 16:35:56,272: INFO: model] predicted value after forward pass: 
[0 1 1 1]
[2022-02-08 16:35:56,273: INFO: model] error: 
0    0
1    0
2    0
3    0
Name: y, dtype: int64
[2022-02-08 16:35:56,273: INFO: model] updated weights after epoch:
8/10 : 
[0.59999385 0.60018649 0.2999783 ]
[2022-02-08 16:35:56,273: INFO: model] ##################################################
[2022-02-08 16:35:56,273: INFO: model] --------------------
[2022-02-08 16:35:56,273: INFO: model] for epoch: 9
[2022-02-08 16:35:56,273: INFO: model] --------------------
[2022-02-08 16:35:56,273: INFO: model] predicted value after forward pass: 
[0 1 1 1]
[2022-02-08 16:35:56,274: INFO: model] error: 
0    0
1    0
2    0
3    0
Name: y, dtype: int64
[2022-02-08 16:35:56,274: INFO: model] updated weights after epoch:
9/10 : 
[0.59999385 0.60018649 0.2999783 ]
[2022-02-08 16:35:56,274: INFO: model] ##################################################
[2022-02-08 16:35:56,274: INFO: model] total loss: 0
